-------------------------------------------------------------------------------
Test set: comm.example.StringConcatinationTest
-------------------------------------------------------------------------------
Tests run: 1, Failures: 0, Errors: 1, Skipped: 0, Time elapsed: 0.003 s <<< FAILURE! - in comm.example.StringConcatinationTest
initializationError(comm.example.StringConcatinationTest)  Time elapsed: 0.003 s  <<< ERROR!
java.lang.Exception: No runnable methods

